@!@!@STARTMSG 2262:0 @!@!@
TLC2 Version 2.16 of 31 December 2020 (rev: cdddf55)
@!@!@ENDMSG 2262 @!@!@
@!@!@STARTMSG 2187:0 @!@!@
Running breadth-first search Model-Checking with fp 91 and seed -6965631506035089417 with 6 workers on 12 cores with 1214MB heap and 2730MB offheap memory [pid: 77118] (Mac OS X 10.16 x86_64, AdoptOpenJDK 14.0.1 x86_64, OffHeapDiskFPSet, DiskStateQueue).
@!@!@ENDMSG 2187 @!@!@
@!@!@STARTMSG 2220:0 @!@!@
Starting SANY...
@!@!@ENDMSG 2220 @!@!@
Parsing file /Users/kanghongbo/Desktop/tla+/RCU/RCU.toolbox/Model_1/MC.tla
Parsing file /Users/kanghongbo/Desktop/tla+/RCU/RCU.toolbox/Model_1/RCU.tla
Parsing file /Applications/TLA+ Toolbox.app/Contents/Eclipse/plugins/org.lamport.tlatools_1.0.0.202012311918/tla2sany/StandardModules/TLC.tla
Parsing file /Applications/TLA+ Toolbox.app/Contents/Eclipse/plugins/org.lamport.tlatools_1.0.0.202012311918/tla2sany/StandardModules/Integers.tla
Parsing file /Applications/TLA+ Toolbox.app/Contents/Eclipse/plugins/org.lamport.tlatools_1.0.0.202012311918/tla2sany/StandardModules/Naturals.tla
Parsing file /Applications/TLA+ Toolbox.app/Contents/Eclipse/plugins/org.lamport.tlatools_1.0.0.202012311918/tla2sany/StandardModules/Sequences.tla
Parsing file /Applications/TLA+ Toolbox.app/Contents/Eclipse/plugins/org.lamport.tlatools_1.0.0.202012311918/tla2sany/StandardModules/FiniteSets.tla
Semantic processing of module Naturals
Semantic processing of module Integers
Semantic processing of module RCU
Semantic processing of module Sequences
Semantic processing of module FiniteSets
Semantic processing of module TLC
Semantic processing of module MC
@!@!@STARTMSG 2219:0 @!@!@
SANY finished.
@!@!@ENDMSG 2219 @!@!@
@!@!@STARTMSG 2185:0 @!@!@
Starting... (2021-06-12 00:23:27)
@!@!@ENDMSG 2185 @!@!@
@!@!@STARTMSG 2189:0 @!@!@
Computing initial states...
@!@!@ENDMSG 2189 @!@!@
@!@!@STARTMSG 2190:0 @!@!@
Finished computing initial states: 1 distinct state generated at 2021-06-12 00:23:28.
@!@!@ENDMSG 2190 @!@!@
@!@!@STARTMSG 2110:1 @!@!@
Invariant RCUNoBadPointer is violated.
@!@!@ENDMSG 2110 @!@!@
@!@!@STARTMSG 2121:1 @!@!@
The behavior up to this point is:
@!@!@ENDMSG 2121 @!@!@
@!@!@STARTMSG 2217:4 @!@!@
1: <Initial predicate>
/\ VersionState = ( v1 :> [state |-> "uninit"] @@
  v2 :> [state |-> "uninit"] @@
  v3 :> [state |-> "uninit"] )
/\ FocusingVersion = (c1 :> "empty" @@ c2 :> "empty" @@ c3 :> "empty")
/\ UnfinishedVersions = {v1, v2, v3}
/\ CurrentVersion = "empty"

@!@!@ENDMSG 2217 @!@!@
@!@!@STARTMSG 2217:4 @!@!@
2: <RCUNext line 59, col 28 to line 59, col 73 of module RCU>
/\ VersionState = ( v1 :>
      [ state |-> "init",
        scheduled |->
            ( c1 :> "unfinished" @@
              c2 :> "unfinished" @@
              c3 :> "unfinished" ) ] @@
  v2 :> [state |-> "uninit"] @@
  v3 :> [state |-> "uninit"] )
/\ FocusingVersion = (c1 :> "empty" @@ c2 :> "empty" @@ c3 :> "empty")
/\ UnfinishedVersions = {v2, v3}
/\ CurrentVersion = v1

@!@!@ENDMSG 2217 @!@!@
@!@!@STARTMSG 2217:4 @!@!@
3: <ScheduleWrite line 36, col 5 to line 40, col 72 of module RCU>
/\ VersionState = ( v1 :>
      [ state |-> "init",
        scheduled |->
            (c1 :> "finished" @@ c2 :> "unfinished" @@ c3 :> "unfinished") ] @@
  v2 :> [state |-> "uninit"] @@
  v3 :> [state |-> "uninit"] )
/\ FocusingVersion = (c1 :> "empty" @@ c2 :> "empty" @@ c3 :> "empty")
/\ UnfinishedVersions = {v2, v3}
/\ CurrentVersion = v1

@!@!@ENDMSG 2217 @!@!@
@!@!@STARTMSG 2217:4 @!@!@
4: <StartReading line 16, col 5 to line 18, col 69 of module RCU>
/\ VersionState = ( v1 :>
      [ state |-> "init",
        scheduled |->
            (c1 :> "finished" @@ c2 :> "unfinished" @@ c3 :> "unfinished") ] @@
  v2 :> [state |-> "uninit"] @@
  v3 :> [state |-> "uninit"] )
/\ FocusingVersion = (c1 :> v1 @@ c2 :> "empty" @@ c3 :> "empty")
/\ UnfinishedVersions = {v2, v3}
/\ CurrentVersion = v1

@!@!@ENDMSG 2217 @!@!@
@!@!@STARTMSG 2217:4 @!@!@
5: <ScheduleWrite line 36, col 5 to line 40, col 72 of module RCU>
/\ VersionState = ( v1 :>
      [ state |-> "init",
        scheduled |->
            (c1 :> "finished" @@ c2 :> "finished" @@ c3 :> "unfinished") ] @@
  v2 :> [state |-> "uninit"] @@
  v3 :> [state |-> "uninit"] )
/\ FocusingVersion = (c1 :> v1 @@ c2 :> "empty" @@ c3 :> "empty")
/\ UnfinishedVersions = {v2, v3}
/\ CurrentVersion = v1

@!@!@ENDMSG 2217 @!@!@
@!@!@STARTMSG 2217:4 @!@!@
6: <ScheduleWrite line 36, col 5 to line 40, col 72 of module RCU>
/\ VersionState = ( v1 :>
      [ state |-> "init",
        scheduled |->
            (c1 :> "finished" @@ c2 :> "finished" @@ c3 :> "finished") ] @@
  v2 :> [state |-> "uninit"] @@
  v3 :> [state |-> "uninit"] )
/\ FocusingVersion = (c1 :> v1 @@ c2 :> "empty" @@ c3 :> "empty")
/\ UnfinishedVersions = {v2, v3}
/\ CurrentVersion = v1

@!@!@ENDMSG 2217 @!@!@
@!@!@STARTMSG 2217:4 @!@!@
7: <FinishWrite line 43, col 5 to line 47, col 72 of module RCU>
/\ VersionState = ( v1 :>
      [ state |-> "deleted",
        scheduled |->
            (c1 :> "finished" @@ c2 :> "finished" @@ c3 :> "finished") ] @@
  v2 :> [state |-> "uninit"] @@
  v3 :> [state |-> "uninit"] )
/\ FocusingVersion = (c1 :> v1 @@ c2 :> "empty" @@ c3 :> "empty")
/\ UnfinishedVersions = {v2, v3}
/\ CurrentVersion = v1

@!@!@ENDMSG 2217 @!@!@
@!@!@STARTMSG 2201:0 @!@!@
The coverage statistics at 2021-06-12 00:23:28
@!@!@ENDMSG 2201 @!@!@
@!@!@STARTMSG 2773:0 @!@!@
<RCUInit line 49, col 1 to line 49, col 7 of module RCU>: 2:2
@!@!@ENDMSG 2773 @!@!@
@!@!@STARTMSG 2221:0 @!@!@
  line 50, col 5 to line 53, col 68 of module RCU: 2
@!@!@ENDMSG 2221 @!@!@
@!@!@STARTMSG 2772:0 @!@!@
<StartReading line 15, col 1 to line 15, col 15 of module RCU>: 107:331
@!@!@ENDMSG 2772 @!@!@
@!@!@STARTMSG 2221:0 @!@!@
  line 16, col 8 to line 16, col 35 of module RCU: 937
@!@!@ENDMSG 2221 @!@!@
@!@!@STARTMSG 2221:0 @!@!@
  |line 16, col 8 to line 16, col 25 of module RCU: 606
@!@!@ENDMSG 2221 @!@!@
@!@!@STARTMSG 2221:0 @!@!@
  line 17, col 8 to line 17, col 72 of module RCU: 331
@!@!@ENDMSG 2221 @!@!@
@!@!@STARTMSG 2221:0 @!@!@
  line 18, col 8 to line 18, col 69 of module RCU: 331
@!@!@ENDMSG 2221 @!@!@
@!@!@STARTMSG 2772:0 @!@!@
<FinishReading line 21, col 1 to line 21, col 16 of module RCU>: 0:605
@!@!@ENDMSG 2772 @!@!@
@!@!@STARTMSG 2221:0 @!@!@
  line 22, col 8 to line 22, col 65 of module RCU: 605
@!@!@ENDMSG 2221 @!@!@
@!@!@STARTMSG 2221:0 @!@!@
  line 23, col 8 to line 23, col 69 of module RCU: 605
@!@!@ENDMSG 2221 @!@!@
@!@!@STARTMSG 2772:0 @!@!@
<ScheduleWrite line 35, col 1 to line 35, col 21 of module RCU>: 269:558
@!@!@ENDMSG 2772 @!@!@
@!@!@STARTMSG 2221:0 @!@!@
  line 36, col 8 to line 36, col 35 of module RCU: 2364
@!@!@ENDMSG 2221 @!@!@
@!@!@STARTMSG 2221:0 @!@!@
  |line 36, col 8 to line 36, col 25 of module RCU: 1806
@!@!@ENDMSG 2221 @!@!@
@!@!@STARTMSG 2221:0 @!@!@
  line 37, col 8 to line 37, col 39 of module RCU: 1539
@!@!@ENDMSG 2221 @!@!@
@!@!@STARTMSG 2221:0 @!@!@
  |line 37, col 8 to line 37, col 30 of module RCU: 981
@!@!@ENDMSG 2221 @!@!@
@!@!@STARTMSG 2221:0 @!@!@
  line 38, col 8 to line 38, col 55 of module RCU: 1322
@!@!@ENDMSG 2221 @!@!@
@!@!@STARTMSG 2221:0 @!@!@
  |line 38, col 8 to line 38, col 40 of module RCU: 764
@!@!@ENDMSG 2221 @!@!@
@!@!@STARTMSG 2221:0 @!@!@
  line 39, col 8 to line 39, col 80 of module RCU: 558
@!@!@ENDMSG 2221 @!@!@
@!@!@STARTMSG 2221:0 @!@!@
  line 40, col 8 to line 40, col 72 of module RCU: 558
@!@!@ENDMSG 2221 @!@!@
@!@!@STARTMSG 2772:0 @!@!@
<FinishWrite line 42, col 1 to line 42, col 19 of module RCU>: 5:13
@!@!@ENDMSG 2772 @!@!@
@!@!@STARTMSG 2221:0 @!@!@
  line 43, col 8 to line 43, col 35 of module RCU: 1811
@!@!@ENDMSG 2221 @!@!@
@!@!@STARTMSG 2221:0 @!@!@
  |line 43, col 8 to line 43, col 25 of module RCU: 1799
@!@!@ENDMSG 2221 @!@!@
@!@!@STARTMSG 2221:0 @!@!@
  line 44, col 8 to line 44, col 39 of module RCU: 986
@!@!@ENDMSG 2221 @!@!@
@!@!@STARTMSG 2221:0 @!@!@
  |line 44, col 8 to line 44, col 30 of module RCU: 974
@!@!@ENDMSG 2221 @!@!@
@!@!@STARTMSG 2221:0 @!@!@
  line 45, col 28 to line 45, col 76 of module RCU: 1029
@!@!@ENDMSG 2221 @!@!@
@!@!@STARTMSG 2221:0 @!@!@
  |line 45, col 28 to line 45, col 63 of module RCU: 993
@!@!@ENDMSG 2221 @!@!@
@!@!@STARTMSG 2221:0 @!@!@
  line 45, col 20 to line 45, col 24 of module RCU: 761
@!@!@ENDMSG 2221 @!@!@
@!@!@STARTMSG 2221:0 @!@!@
  line 46, col 8 to line 46, col 72 of module RCU: 12
@!@!@ENDMSG 2221 @!@!@
@!@!@STARTMSG 2221:0 @!@!@
  |line 46, col 24 to line 46, col 72 of module RCU: 13
@!@!@ENDMSG 2221 @!@!@
@!@!@STARTMSG 2221:0 @!@!@
  line 47, col 8 to line 47, col 72 of module RCU: 12
@!@!@ENDMSG 2221 @!@!@
@!@!@STARTMSG 2772:0 @!@!@
<RCUNext line 56, col 1 to line 56, col 7 of module RCU (59 28 59 73)>: 29:223
@!@!@ENDMSG 2772 @!@!@
@!@!@STARTMSG 2221:0 @!@!@
  line 28, col 8 to line 28, col 35 of module RCU: 633
@!@!@ENDMSG 2221 @!@!@
@!@!@STARTMSG 2221:0 @!@!@
  |line 28, col 8 to line 28, col 25 of module RCU: 410
@!@!@ENDMSG 2221 @!@!@
@!@!@STARTMSG 2221:0 @!@!@
  line 29, col 8 to line 29, col 55 of module RCU: 223
@!@!@ENDMSG 2221 @!@!@
@!@!@STARTMSG 2221:0 @!@!@
  line 30, col 8 to line 30, col 28 of module RCU: 223
@!@!@ENDMSG 2221 @!@!@
@!@!@STARTMSG 2221:0 @!@!@
  line 31, col 8 to line 31, col 41 of module RCU: 446
@!@!@ENDMSG 2221 @!@!@
@!@!@STARTMSG 2221:0 @!@!@
  |line 31, col 8 to line 31, col 30 of module RCU: 223
@!@!@ENDMSG 2221 @!@!@
@!@!@STARTMSG 2221:0 @!@!@
  line 32, col 8 to line 32, col 121 of module RCU: 223
@!@!@ENDMSG 2221 @!@!@
@!@!@STARTMSG 2221:0 @!@!@
  line 33, col 8 to line 33, col 36 of module RCU: 223
@!@!@ENDMSG 2221 @!@!@
@!@!@STARTMSG 2221:0 @!@!@
  line 59, col 69 to line 59, col 69 of module RCU: 410
@!@!@ENDMSG 2221 @!@!@
@!@!@STARTMSG 2221:0 @!@!@
  line 59, col 72 to line 59, col 72 of module RCU: 223
@!@!@ENDMSG 2221 @!@!@
@!@!@STARTMSG 2221:0 @!@!@
  line 59, col 37 to line 59, col 54 of module RCU: 605
@!@!@ENDMSG 2221 @!@!@
@!@!@STARTMSG 2774:0 @!@!@
<RCUNoBadPointer line 63, col 1 to line 63, col 15 of module RCU>
@!@!@ENDMSG 2774 @!@!@
@!@!@STARTMSG 2221:0 @!@!@
  line 67, col 5 to line 68, col 78 of module RCU: 411
@!@!@ENDMSG 2221 @!@!@
@!@!@STARTMSG 2221:0 @!@!@
  |line 67, col 8 to line 68, col 78 of module RCU: 411
@!@!@ENDMSG 2221 @!@!@
@!@!@STARTMSG 2221:0 @!@!@
  ||line 67, col 25 to line 68, col 78 of module RCU: 1231
@!@!@ENDMSG 2221 @!@!@
@!@!@STARTMSG 2221:0 @!@!@
  |||line 67, col 28 to line 67, col 55 of module RCU: 1231
@!@!@ENDMSG 2221 @!@!@
@!@!@STARTMSG 2221:0 @!@!@
  |||line 68, col 28 to line 68, col 78 of module RCU: 591
@!@!@ENDMSG 2221 @!@!@
@!@!@STARTMSG 2221:0 @!@!@
  ||line 67, col 17 to line 67, col 21 of module RCU: 411
@!@!@ENDMSG 2221 @!@!@
@!@!@STARTMSG 2202:0 @!@!@
End of statistics.
@!@!@ENDMSG 2202 @!@!@
@!@!@STARTMSG 2200:0 @!@!@
Progress(9) at 2021-06-12 00:23:28: 1,698 states generated (106,235 s/min), 411 distinct states found (25,714 ds/min), 211 states left on queue.
@!@!@ENDMSG 2200 @!@!@
@!@!@STARTMSG 2199:0 @!@!@
1698 states generated, 411 distinct states found, 211 states left on queue.
@!@!@ENDMSG 2199 @!@!@
@!@!@STARTMSG 2194:0 @!@!@
The depth of the complete state graph search is 9.
@!@!@ENDMSG 2194 @!@!@
@!@!@STARTMSG 2268:0 @!@!@
The average outdegree of the complete state graph is 2 (minimum is 0, the maximum 6 and the 95th percentile is 4).
@!@!@ENDMSG 2268 @!@!@
@!@!@STARTMSG 2186:0 @!@!@
Finished in 966ms at (2021-06-12 00:23:28)
@!@!@ENDMSG 2186 @!@!@
